{
  "C:\\Users\\usuario\\Documents\\GitHub\\nuzlocke\\src\\serviceWorkerRegistration.ts": {
    "path": "C:\\Users\\usuario\\Documents\\GitHub\\nuzlocke\\src\\serviceWorkerRegistration.ts",
    "statementMap": {
      "0": {
        "start": {
          "line": 15,
          "column": 20
        },
        "end": {
          "line": 21,
          "column": 1
        }
      },
      "1": {
        "start": {
          "line": 30,
          "column": 2
        },
        "end": {
          "line": 60,
          "column": 3
        }
      },
      "2": {
        "start": {
          "line": 32,
          "column": 22
        },
        "end": {
          "line": 32,
          "column": 75
        }
      },
      "3": {
        "start": {
          "line": 33,
          "column": 4
        },
        "end": {
          "line": 38,
          "column": 5
        }
      },
      "4": {
        "start": {
          "line": 37,
          "column": 6
        },
        "end": {
          "line": 37,
          "column": 13
        }
      },
      "5": {
        "start": {
          "line": 40,
          "column": 4
        },
        "end": {
          "line": 59,
          "column": 7
        }
      },
      "6": {
        "start": {
          "line": 41,
          "column": 20
        },
        "end": {
          "line": 41,
          "column": 65
        }
      },
      "7": {
        "start": {
          "line": 43,
          "column": 6
        },
        "end": {
          "line": 58,
          "column": 7
        }
      },
      "8": {
        "start": {
          "line": 45,
          "column": 8
        },
        "end": {
          "line": 45,
          "column": 47
        }
      },
      "9": {
        "start": {
          "line": 49,
          "column": 8
        },
        "end": {
          "line": 54,
          "column": 11
        }
      },
      "10": {
        "start": {
          "line": 50,
          "column": 10
        },
        "end": {
          "line": 53,
          "column": 12
        }
      },
      "11": {
        "start": {
          "line": 57,
          "column": 8
        },
        "end": {
          "line": 57,
          "column": 39
        }
      },
      "12": {
        "start": {
          "line": 64,
          "column": 2
        },
        "end": {
          "line": 109,
          "column": 7
        }
      },
      "13": {
        "start": {
          "line": 67,
          "column": 6
        },
        "end": {
          "line": 71,
          "column": 7
        }
      },
      "14": {
        "start": {
          "line": 68,
          "column": 8
        },
        "end": {
          "line": 70,
          "column": 16
        }
      },
      "15": {
        "start": {
          "line": 69,
          "column": 10
        },
        "end": {
          "line": 69,
          "column": 38
        }
      },
      "16": {
        "start": {
          "line": 72,
          "column": 6
        },
        "end": {
          "line": 105,
          "column": 8
        }
      },
      "17": {
        "start": {
          "line": 73,
          "column": 33
        },
        "end": {
          "line": 73,
          "column": 56
        }
      },
      "18": {
        "start": {
          "line": 74,
          "column": 8
        },
        "end": {
          "line": 76,
          "column": 9
        }
      },
      "19": {
        "start": {
          "line": 75,
          "column": 10
        },
        "end": {
          "line": 75,
          "column": 17
        }
      },
      "20": {
        "start": {
          "line": 77,
          "column": 8
        },
        "end": {
          "line": 104,
          "column": 10
        }
      },
      "21": {
        "start": {
          "line": 78,
          "column": 10
        },
        "end": {
          "line": 103,
          "column": 11
        }
      },
      "22": {
        "start": {
          "line": 79,
          "column": 12
        },
        "end": {
          "line": 102,
          "column": 13
        }
      },
      "23": {
        "start": {
          "line": 83,
          "column": 14
        },
        "end": {
          "line": 86,
          "column": 16
        }
      },
      "24": {
        "start": {
          "line": 89,
          "column": 14
        },
        "end": {
          "line": 91,
          "column": 15
        }
      },
      "25": {
        "start": {
          "line": 90,
          "column": 16
        },
        "end": {
          "line": 90,
          "column": 46
        }
      },
      "26": {
        "start": {
          "line": 96,
          "column": 14
        },
        "end": {
          "line": 96,
          "column": 65
        }
      },
      "27": {
        "start": {
          "line": 99,
          "column": 14
        },
        "end": {
          "line": 101,
          "column": 15
        }
      },
      "28": {
        "start": {
          "line": 100,
          "column": 16
        },
        "end": {
          "line": 100,
          "column": 47
        }
      },
      "29": {
        "start": {
          "line": 108,
          "column": 6
        },
        "end": {
          "line": 108,
          "column": 72
        }
      },
      "30": {
        "start": {
          "line": 114,
          "column": 2
        },
        "end": {
          "line": 137,
          "column": 7
        }
      },
      "31": {
        "start": {
          "line": 119,
          "column": 26
        },
        "end": {
          "line": 119,
          "column": 62
        }
      },
      "32": {
        "start": {
          "line": 120,
          "column": 6
        },
        "end": {
          "line": 133,
          "column": 7
        }
      },
      "33": {
        "start": {
          "line": 125,
          "column": 8
        },
        "end": {
          "line": 129,
          "column": 11
        }
      },
      "34": {
        "start": {
          "line": 126,
          "column": 10
        },
        "end": {
          "line": 128,
          "column": 13
        }
      },
      "35": {
        "start": {
          "line": 127,
          "column": 12
        },
        "end": {
          "line": 127,
          "column": 37
        }
      },
      "36": {
        "start": {
          "line": 132,
          "column": 8
        },
        "end": {
          "line": 132,
          "column": 39
        }
      },
      "37": {
        "start": {
          "line": 136,
          "column": 6
        },
        "end": {
          "line": 136,
          "column": 84
        }
      },
      "38": {
        "start": {
          "line": 141,
          "column": 2
        },
        "end": {
          "line": 149,
          "column": 3
        }
      },
      "39": {
        "start": {
          "line": 142,
          "column": 4
        },
        "end": {
          "line": 148,
          "column": 9
        }
      },
      "40": {
        "start": {
          "line": 144,
          "column": 8
        },
        "end": {
          "line": 144,
          "column": 34
        }
      },
      "41": {
        "start": {
          "line": 147,
          "column": 8
        },
        "end": {
          "line": 147,
          "column": 37
        }
      }
    },
    "fnMap": {
      "0": {
        "name": "register",
        "decl": {
          "start": {
            "line": 29,
            "column": 16
          },
          "end": {
            "line": 29,
            "column": 24
          }
        },
        "loc": {
          "start": {
            "line": 29,
            "column": 42
          },
          "end": {
            "line": 61,
            "column": 1
          }
        },
        "line": 29
      },
      "1": {
        "name": "(anonymous_1)",
        "decl": {
          "start": {
            "line": 40,
            "column": 36
          },
          "end": {
            "line": 40,
            "column": 37
          }
        },
        "loc": {
          "start": {
            "line": 40,
            "column": 42
          },
          "end": {
            "line": 59,
            "column": 5
          }
        },
        "line": 40
      },
      "2": {
        "name": "(anonymous_2)",
        "decl": {
          "start": {
            "line": 49,
            "column": 43
          },
          "end": {
            "line": 49,
            "column": 44
          }
        },
        "loc": {
          "start": {
            "line": 49,
            "column": 49
          },
          "end": {
            "line": 54,
            "column": 9
          }
        },
        "line": 49
      },
      "3": {
        "name": "registerValidSW",
        "decl": {
          "start": {
            "line": 63,
            "column": 9
          },
          "end": {
            "line": 63,
            "column": 24
          }
        },
        "loc": {
          "start": {
            "line": 63,
            "column": 57
          },
          "end": {
            "line": 110,
            "column": 1
          }
        },
        "line": 63
      },
      "4": {
        "name": "(anonymous_4)",
        "decl": {
          "start": {
            "line": 66,
            "column": 10
          },
          "end": {
            "line": 66,
            "column": 11
          }
        },
        "loc": {
          "start": {
            "line": 66,
            "column": 28
          },
          "end": {
            "line": 106,
            "column": 5
          }
        },
        "line": 66
      },
      "5": {
        "name": "(anonymous_5)",
        "decl": {
          "start": {
            "line": 68,
            "column": 19
          },
          "end": {
            "line": 68,
            "column": 20
          }
        },
        "loc": {
          "start": {
            "line": 68,
            "column": 25
          },
          "end": {
            "line": 70,
            "column": 9
          }
        },
        "line": 68
      },
      "6": {
        "name": "(anonymous_6)",
        "decl": {
          "start": {
            "line": 72,
            "column": 35
          },
          "end": {
            "line": 72,
            "column": 36
          }
        },
        "loc": {
          "start": {
            "line": 72,
            "column": 41
          },
          "end": {
            "line": 105,
            "column": 7
          }
        },
        "line": 72
      },
      "7": {
        "name": "(anonymous_7)",
        "decl": {
          "start": {
            "line": 77,
            "column": 41
          },
          "end": {
            "line": 77,
            "column": 42
          }
        },
        "loc": {
          "start": {
            "line": 77,
            "column": 47
          },
          "end": {
            "line": 104,
            "column": 9
          }
        },
        "line": 77
      },
      "8": {
        "name": "(anonymous_8)",
        "decl": {
          "start": {
            "line": 107,
            "column": 11
          },
          "end": {
            "line": 107,
            "column": 12
          }
        },
        "loc": {
          "start": {
            "line": 107,
            "column": 22
          },
          "end": {
            "line": 109,
            "column": 5
          }
        },
        "line": 107
      },
      "9": {
        "name": "checkValidServiceWorker",
        "decl": {
          "start": {
            "line": 112,
            "column": 9
          },
          "end": {
            "line": 112,
            "column": 32
          }
        },
        "loc": {
          "start": {
            "line": 112,
            "column": 65
          },
          "end": {
            "line": 138,
            "column": 1
          }
        },
        "line": 112
      },
      "10": {
        "name": "(anonymous_10)",
        "decl": {
          "start": {
            "line": 117,
            "column": 10
          },
          "end": {
            "line": 117,
            "column": 11
          }
        },
        "loc": {
          "start": {
            "line": 117,
            "column": 24
          },
          "end": {
            "line": 134,
            "column": 5
          }
        },
        "line": 117
      },
      "11": {
        "name": "(anonymous_11)",
        "decl": {
          "start": {
            "line": 125,
            "column": 43
          },
          "end": {
            "line": 125,
            "column": 44
          }
        },
        "loc": {
          "start": {
            "line": 125,
            "column": 61
          },
          "end": {
            "line": 129,
            "column": 9
          }
        },
        "line": 125
      },
      "12": {
        "name": "(anonymous_12)",
        "decl": {
          "start": {
            "line": 126,
            "column": 41
          },
          "end": {
            "line": 126,
            "column": 42
          }
        },
        "loc": {
          "start": {
            "line": 126,
            "column": 47
          },
          "end": {
            "line": 128,
            "column": 11
          }
        },
        "line": 126
      },
      "13": {
        "name": "(anonymous_13)",
        "decl": {
          "start": {
            "line": 135,
            "column": 11
          },
          "end": {
            "line": 135,
            "column": 12
          }
        },
        "loc": {
          "start": {
            "line": 135,
            "column": 17
          },
          "end": {
            "line": 137,
            "column": 5
          }
        },
        "line": 135
      },
      "14": {
        "name": "unregister",
        "decl": {
          "start": {
            "line": 140,
            "column": 16
          },
          "end": {
            "line": 140,
            "column": 26
          }
        },
        "loc": {
          "start": {
            "line": 140,
            "column": 29
          },
          "end": {
            "line": 150,
            "column": 1
          }
        },
        "line": 140
      },
      "15": {
        "name": "(anonymous_15)",
        "decl": {
          "start": {
            "line": 143,
            "column": 12
          },
          "end": {
            "line": 143,
            "column": 13
          }
        },
        "loc": {
          "start": {
            "line": 143,
            "column": 30
          },
          "end": {
            "line": 145,
            "column": 7
          }
        },
        "line": 143
      },
      "16": {
        "name": "(anonymous_16)",
        "decl": {
          "start": {
            "line": 146,
            "column": 13
          },
          "end": {
            "line": 146,
            "column": 14
          }
        },
        "loc": {
          "start": {
            "line": 146,
            "column": 24
          },
          "end": {
            "line": 148,
            "column": 7
          }
        },
        "line": 146
      }
    },
    "branchMap": {
      "0": {
        "loc": {
          "start": {
            "line": 16,
            "column": 2
          },
          "end": {
            "line": 20,
            "column": 92
          }
        },
        "type": "binary-expr",
        "locations": [
          {
            "start": {
              "line": 16,
              "column": 2
            },
            "end": {
              "line": 16,
              "column": 42
            }
          },
          {
            "start": {
              "line": 18,
              "column": 4
            },
            "end": {
              "line": 18,
              "column": 40
            }
          },
          {
            "start": {
              "line": 20,
              "column": 4
            },
            "end": {
              "line": 20,
              "column": 92
            }
          }
        ],
        "line": 16
      },
      "1": {
        "loc": {
          "start": {
            "line": 30,
            "column": 2
          },
          "end": {
            "line": 60,
            "column": 3
          }
        },
        "type": "if",
        "locations": [
          {
            "start": {
              "line": 30,
              "column": 2
            },
            "end": {
              "line": 60,
              "column": 3
            }
          },
          {
            "start": {
              "line": 30,
              "column": 2
            },
            "end": {
              "line": 60,
              "column": 3
            }
          }
        ],
        "line": 30
      },
      "2": {
        "loc": {
          "start": {
            "line": 30,
            "column": 6
          },
          "end": {
            "line": 30,
            "column": 75
          }
        },
        "type": "binary-expr",
        "locations": [
          {
            "start": {
              "line": 30,
              "column": 6
            },
            "end": {
              "line": 30,
              "column": 43
            }
          },
          {
            "start": {
              "line": 30,
              "column": 47
            },
            "end": {
              "line": 30,
              "column": 75
            }
          }
        ],
        "line": 30
      },
      "3": {
        "loc": {
          "start": {
            "line": 33,
            "column": 4
          },
          "end": {
            "line": 38,
            "column": 5
          }
        },
        "type": "if",
        "locations": [
          {
            "start": {
              "line": 33,
              "column": 4
            },
            "end": {
              "line": 38,
              "column": 5
            }
          },
          {
            "start": {
              "line": 33,
              "column": 4
            },
            "end": {
              "line": 38,
              "column": 5
            }
          }
        ],
        "line": 33
      },
      "4": {
        "loc": {
          "start": {
            "line": 43,
            "column": 6
          },
          "end": {
            "line": 58,
            "column": 7
          }
        },
        "type": "if",
        "locations": [
          {
            "start": {
              "line": 43,
              "column": 6
            },
            "end": {
              "line": 58,
              "column": 7
            }
          },
          {
            "start": {
              "line": 43,
              "column": 6
            },
            "end": {
              "line": 58,
              "column": 7
            }
          }
        ],
        "line": 43
      },
      "5": {
        "loc": {
          "start": {
            "line": 67,
            "column": 6
          },
          "end": {
            "line": 71,
            "column": 7
          }
        },
        "type": "if",
        "locations": [
          {
            "start": {
              "line": 67,
              "column": 6
            },
            "end": {
              "line": 71,
              "column": 7
            }
          },
          {
            "start": {
              "line": 67,
              "column": 6
            },
            "end": {
              "line": 71,
              "column": 7
            }
          }
        ],
        "line": 67
      },
      "6": {
        "loc": {
          "start": {
            "line": 74,
            "column": 8
          },
          "end": {
            "line": 76,
            "column": 9
          }
        },
        "type": "if",
        "locations": [
          {
            "start": {
              "line": 74,
              "column": 8
            },
            "end": {
              "line": 76,
              "column": 9
            }
          },
          {
            "start": {
              "line": 74,
              "column": 8
            },
            "end": {
              "line": 76,
              "column": 9
            }
          }
        ],
        "line": 74
      },
      "7": {
        "loc": {
          "start": {
            "line": 78,
            "column": 10
          },
          "end": {
            "line": 103,
            "column": 11
          }
        },
        "type": "if",
        "locations": [
          {
            "start": {
              "line": 78,
              "column": 10
            },
            "end": {
              "line": 103,
              "column": 11
            }
          },
          {
            "start": {
              "line": 78,
              "column": 10
            },
            "end": {
              "line": 103,
              "column": 11
            }
          }
        ],
        "line": 78
      },
      "8": {
        "loc": {
          "start": {
            "line": 79,
            "column": 12
          },
          "end": {
            "line": 102,
            "column": 13
          }
        },
        "type": "if",
        "locations": [
          {
            "start": {
              "line": 79,
              "column": 12
            },
            "end": {
              "line": 102,
              "column": 13
            }
          },
          {
            "start": {
              "line": 79,
              "column": 12
            },
            "end": {
              "line": 102,
              "column": 13
            }
          }
        ],
        "line": 79
      },
      "9": {
        "loc": {
          "start": {
            "line": 89,
            "column": 14
          },
          "end": {
            "line": 91,
            "column": 15
          }
        },
        "type": "if",
        "locations": [
          {
            "start": {
              "line": 89,
              "column": 14
            },
            "end": {
              "line": 91,
              "column": 15
            }
          },
          {
            "start": {
              "line": 89,
              "column": 14
            },
            "end": {
              "line": 91,
              "column": 15
            }
          }
        ],
        "line": 89
      },
      "10": {
        "loc": {
          "start": {
            "line": 89,
            "column": 18
          },
          "end": {
            "line": 89,
            "column": 43
          }
        },
        "type": "binary-expr",
        "locations": [
          {
            "start": {
              "line": 89,
              "column": 18
            },
            "end": {
              "line": 89,
              "column": 24
            }
          },
          {
            "start": {
              "line": 89,
              "column": 28
            },
            "end": {
              "line": 89,
              "column": 43
            }
          }
        ],
        "line": 89
      },
      "11": {
        "loc": {
          "start": {
            "line": 99,
            "column": 14
          },
          "end": {
            "line": 101,
            "column": 15
          }
        },
        "type": "if",
        "locations": [
          {
            "start": {
              "line": 99,
              "column": 14
            },
            "end": {
              "line": 101,
              "column": 15
            }
          },
          {
            "start": {
              "line": 99,
              "column": 14
            },
            "end": {
              "line": 101,
              "column": 15
            }
          }
        ],
        "line": 99
      },
      "12": {
        "loc": {
          "start": {
            "line": 99,
            "column": 18
          },
          "end": {
            "line": 99,
            "column": 44
          }
        },
        "type": "binary-expr",
        "locations": [
          {
            "start": {
              "line": 99,
              "column": 18
            },
            "end": {
              "line": 99,
              "column": 24
            }
          },
          {
            "start": {
              "line": 99,
              "column": 28
            },
            "end": {
              "line": 99,
              "column": 44
            }
          }
        ],
        "line": 99
      },
      "13": {
        "loc": {
          "start": {
            "line": 120,
            "column": 6
          },
          "end": {
            "line": 133,
            "column": 7
          }
        },
        "type": "if",
        "locations": [
          {
            "start": {
              "line": 120,
              "column": 6
            },
            "end": {
              "line": 133,
              "column": 7
            }
          },
          {
            "start": {
              "line": 120,
              "column": 6
            },
            "end": {
              "line": 133,
              "column": 7
            }
          }
        ],
        "line": 120
      },
      "14": {
        "loc": {
          "start": {
            "line": 121,
            "column": 8
          },
          "end": {
            "line": 122,
            "column": 73
          }
        },
        "type": "binary-expr",
        "locations": [
          {
            "start": {
              "line": 121,
              "column": 8
            },
            "end": {
              "line": 121,
              "column": 31
            }
          },
          {
            "start": {
              "line": 122,
              "column": 9
            },
            "end": {
              "line": 122,
              "column": 28
            }
          },
          {
            "start": {
              "line": 122,
              "column": 32
            },
            "end": {
              "line": 122,
              "column": 72
            }
          }
        ],
        "line": 121
      },
      "15": {
        "loc": {
          "start": {
            "line": 141,
            "column": 2
          },
          "end": {
            "line": 149,
            "column": 3
          }
        },
        "type": "if",
        "locations": [
          {
            "start": {
              "line": 141,
              "column": 2
            },
            "end": {
              "line": 149,
              "column": 3
            }
          },
          {
            "start": {
              "line": 141,
              "column": 2
            },
            "end": {
              "line": 149,
              "column": 3
            }
          }
        ],
        "line": 141
      }
    },
    "s": {
      "0": 7,
      "1": 7,
      "2": 0,
      "3": 0,
      "4": 0,
      "5": 0,
      "6": 0,
      "7": 0,
      "8": 0,
      "9": 0,
      "10": 0,
      "11": 0,
      "12": 0,
      "13": 0,
      "14": 0,
      "15": 0,
      "16": 0,
      "17": 0,
      "18": 0,
      "19": 0,
      "20": 0,
      "21": 0,
      "22": 0,
      "23": 0,
      "24": 0,
      "25": 0,
      "26": 0,
      "27": 0,
      "28": 0,
      "29": 0,
      "30": 0,
      "31": 0,
      "32": 0,
      "33": 0,
      "34": 0,
      "35": 0,
      "36": 0,
      "37": 0,
      "38": 0,
      "39": 0,
      "40": 0,
      "41": 0
    },
    "f": {
      "0": 7,
      "1": 0,
      "2": 0,
      "3": 0,
      "4": 0,
      "5": 0,
      "6": 0,
      "7": 0,
      "8": 0,
      "9": 0,
      "10": 0,
      "11": 0,
      "12": 0,
      "13": 0,
      "14": 0,
      "15": 0,
      "16": 0
    },
    "b": {
      "0": [
        7,
        0,
        0
      ],
      "1": [
        0,
        7
      ],
      "2": [
        7,
        0
      ],
      "3": [
        0,
        0
      ],
      "4": [
        0,
        0
      ],
      "5": [
        0,
        0
      ],
      "6": [
        0,
        0
      ],
      "7": [
        0,
        0
      ],
      "8": [
        0,
        0
      ],
      "9": [
        0,
        0
      ],
      "10": [
        0,
        0
      ],
      "11": [
        0,
        0
      ],
      "12": [
        0,
        0
      ],
      "13": [
        0,
        0
      ],
      "14": [
        0,
        0,
        0
      ],
      "15": [
        0,
        0
      ]
    },
    "_coverageSchema": "1a1c01bbd47fc00a2c39e90264f33305004495a9",
    "hash": "a7024b06703a24a35acf21f924a50757a14e5670"
  },
  "C:\\Users\\usuario\\Documents\\GitHub\\nuzlocke\\src\\constants\\locations\\D_P_PLAT.ts": {
    "path": "C:\\Users\\usuario\\Documents\\GitHub\\nuzlocke\\src\\constants\\locations\\D_P_PLAT.ts",
    "statementMap": {
      "0": {
        "start": {
          "line": 3,
          "column": 29
        },
        "end": {
          "line": 1106,
          "column": 1
        }
      }
    },
    "fnMap": {},
    "branchMap": {},
    "s": {
      "0": 7
    },
    "f": {},
    "b": {},
    "_coverageSchema": "1a1c01bbd47fc00a2c39e90264f33305004495a9",
    "hash": "d0a1a74e1e7dd764a49f02d266284709d03a3eb5"
  },
  "C:\\Users\\usuario\\Documents\\GitHub\\nuzlocke\\src\\constants\\locations\\FR_LG.ts": {
    "path": "C:\\Users\\usuario\\Documents\\GitHub\\nuzlocke\\src\\constants\\locations\\FR_LG.ts",
    "statementMap": {
      "0": {
        "start": {
          "line": 3,
          "column": 28
        },
        "end": {
          "line": 732,
          "column": 1
        }
      }
    },
    "fnMap": {},
    "branchMap": {},
    "s": {
      "0": 7
    },
    "f": {},
    "b": {},
    "_coverageSchema": "1a1c01bbd47fc00a2c39e90264f33305004495a9",
    "hash": "d0dcf6996ce4b1d4b1d4a6d415aa9aa3058104eb"
  },
  "C:\\Users\\usuario\\Documents\\GitHub\\nuzlocke\\src\\constants\\locations\\R_B_Y.ts": {
    "path": "C:\\Users\\usuario\\Documents\\GitHub\\nuzlocke\\src\\constants\\locations\\R_B_Y.ts",
    "statementMap": {
      "0": {
        "start": {
          "line": 3,
          "column": 28
        },
        "end": {
          "line": 719,
          "column": 1
        }
      }
    },
    "fnMap": {},
    "branchMap": {},
    "s": {
      "0": 7
    },
    "f": {},
    "b": {},
    "_coverageSchema": "1a1c01bbd47fc00a2c39e90264f33305004495a9",
    "hash": "dcfa3aaabdcc0767463ab61d69294b252710ddfb"
  },
  "C:\\Users\\usuario\\Documents\\GitHub\\nuzlocke\\src\\constants\\locations\\G_S_C.ts": {
    "path": "C:\\Users\\usuario\\Documents\\GitHub\\nuzlocke\\src\\constants\\locations\\G_S_C.ts",
    "statementMap": {
      "0": {
        "start": {
          "line": 3,
          "column": 28
        },
        "end": {
          "line": 1293,
          "column": 1
        }
      }
    },
    "fnMap": {},
    "branchMap": {},
    "s": {
      "0": 7
    },
    "f": {},
    "b": {},
    "_coverageSchema": "1a1c01bbd47fc00a2c39e90264f33305004495a9",
    "hash": "ada525083f53c424500f5aefdc9276ac1eeda355"
  },
  "C:\\Users\\usuario\\Documents\\GitHub\\nuzlocke\\src\\constants\\locations\\R_S_E.ts": {
    "path": "C:\\Users\\usuario\\Documents\\GitHub\\nuzlocke\\src\\constants\\locations\\R_S_E.ts",
    "statementMap": {
      "0": {
        "start": {
          "line": 3,
          "column": 28
        },
        "end": {
          "line": 706,
          "column": 1
        }
      }
    },
    "fnMap": {},
    "branchMap": {},
    "s": {
      "0": 7
    },
    "f": {},
    "b": {},
    "_coverageSchema": "1a1c01bbd47fc00a2c39e90264f33305004495a9",
    "hash": "3868dc6ae4f8422139f27ab2193294751ba75e25"
  },
  "C:\\Users\\usuario\\Documents\\GitHub\\nuzlocke\\src\\constants\\locations\\OR_AS.ts": {
    "path": "C:\\Users\\usuario\\Documents\\GitHub\\nuzlocke\\src\\constants\\locations\\OR_AS.ts",
    "statementMap": {
      "0": {
        "start": {
          "line": 3,
          "column": 28
        },
        "end": {
          "line": 671,
          "column": 1
        }
      }
    },
    "fnMap": {},
    "branchMap": {},
    "s": {
      "0": 7
    },
    "f": {},
    "b": {},
    "_coverageSchema": "1a1c01bbd47fc00a2c39e90264f33305004495a9",
    "hash": "acf8f0cf57deb976431f46ae1118bd365acf700c"
  },
  "C:\\Users\\usuario\\Documents\\GitHub\\nuzlocke\\src\\constants\\locations\\B_W.ts": {
    "path": "C:\\Users\\usuario\\Documents\\GitHub\\nuzlocke\\src\\constants\\locations\\B_W.ts",
    "statementMap": {
      "0": {
        "start": {
          "line": 3,
          "column": 26
        },
        "end": {
          "line": 461,
          "column": 1
        }
      }
    },
    "fnMap": {},
    "branchMap": {},
    "s": {
      "0": 7
    },
    "f": {},
    "b": {},
    "_coverageSchema": "1a1c01bbd47fc00a2c39e90264f33305004495a9",
    "hash": "b9cd56269fdfd675a6eeeb55daa2eb39bffbd8a0"
  },
  "C:\\Users\\usuario\\Documents\\GitHub\\nuzlocke\\src\\constants\\locations\\B_W_2.ts": {
    "path": "C:\\Users\\usuario\\Documents\\GitHub\\nuzlocke\\src\\constants\\locations\\B_W_2.ts",
    "statementMap": {
      "0": {
        "start": {
          "line": 3,
          "column": 28
        },
        "end": {
          "line": 722,
          "column": 1
        }
      }
    },
    "fnMap": {},
    "branchMap": {},
    "s": {
      "0": 7
    },
    "f": {},
    "b": {},
    "_coverageSchema": "1a1c01bbd47fc00a2c39e90264f33305004495a9",
    "hash": "9df5380134b7725af23ab82cc2aacb9f0b8ef6a5"
  },
  "C:\\Users\\usuario\\Documents\\GitHub\\nuzlocke\\src\\constants\\locations\\X_Y.ts": {
    "path": "C:\\Users\\usuario\\Documents\\GitHub\\nuzlocke\\src\\constants\\locations\\X_Y.ts",
    "statementMap": {
      "0": {
        "start": {
          "line": 3,
          "column": 26
        },
        "end": {
          "line": 646,
          "column": 1
        }
      }
    },
    "fnMap": {},
    "branchMap": {},
    "s": {
      "0": 7
    },
    "f": {},
    "b": {},
    "_coverageSchema": "1a1c01bbd47fc00a2c39e90264f33305004495a9",
    "hash": "303dd263c3c8bda34f4a7e452a50192a0082cfd2"
  },
  "C:\\Users\\usuario\\Documents\\GitHub\\nuzlocke\\src\\constants\\locations\\SW_SH.ts": {
    "path": "C:\\Users\\usuario\\Documents\\GitHub\\nuzlocke\\src\\constants\\locations\\SW_SH.ts",
    "statementMap": {
      "0": {
        "start": {
          "line": 3,
          "column": 28
        },
        "end": {
          "line": 1497,
          "column": 1
        }
      }
    },
    "fnMap": {},
    "branchMap": {},
    "s": {
      "0": 7
    },
    "f": {},
    "b": {},
    "_coverageSchema": "1a1c01bbd47fc00a2c39e90264f33305004495a9",
    "hash": "a86f8c25bd2b0d2d0144f545b5ca142dfcbc67be"
  },
  "C:\\Users\\usuario\\Documents\\GitHub\\nuzlocke\\src\\constants\\locations\\S_M.ts": {
    "path": "C:\\Users\\usuario\\Documents\\GitHub\\nuzlocke\\src\\constants\\locations\\S_M.ts",
    "statementMap": {
      "0": {
        "start": {
          "line": 3,
          "column": 26
        },
        "end": {
          "line": 814,
          "column": 1
        }
      }
    },
    "fnMap": {},
    "branchMap": {},
    "s": {
      "0": 7
    },
    "f": {},
    "b": {},
    "_coverageSchema": "1a1c01bbd47fc00a2c39e90264f33305004495a9",
    "hash": "e056496742496a15f9c6ab0d6c421c8df2066574"
  },
  "C:\\Users\\usuario\\Documents\\GitHub\\nuzlocke\\src\\constants\\locations\\US_UM.ts": {
    "path": "C:\\Users\\usuario\\Documents\\GitHub\\nuzlocke\\src\\constants\\locations\\US_UM.ts",
    "statementMap": {
      "0": {
        "start": {
          "line": 3,
          "column": 28
        },
        "end": {
          "line": 869,
          "column": 1
        }
      }
    },
    "fnMap": {},
    "branchMap": {},
    "s": {
      "0": 7
    },
    "f": {},
    "b": {},
    "_coverageSchema": "1a1c01bbd47fc00a2c39e90264f33305004495a9",
    "hash": "9a321438505d3077ff6029b70468eea1ce03ff1b"
  },
  "C:\\Users\\usuario\\Documents\\GitHub\\nuzlocke\\src\\constants\\badges.ts": {
    "path": "C:\\Users\\usuario\\Documents\\GitHub\\nuzlocke\\src\\constants\\badges.ts",
    "statementMap": {
      "0": {
        "start": {
          "line": 78,
          "column": 33
        },
        "end": {
          "line": 909,
          "column": 1
        }
      },
      "1": {
        "start": {
          "line": 911,
          "column": 56
        },
        "end": {
          "line": 921,
          "column": 1
        }
      },
      "2": {
        "start": {
          "line": 923,
          "column": 38
        },
        "end": {
          "line": 977,
          "column": 1
        }
      }
    },
    "fnMap": {},
    "branchMap": {},
    "s": {
      "0": 7,
      "1": 7,
      "2": 7
    },
    "f": {},
    "b": {},
    "_coverageSchema": "1a1c01bbd47fc00a2c39e90264f33305004495a9",
    "hash": "57a1798573f70111055e55e06cf850c928c707f8"
  },
  "C:\\Users\\usuario\\Documents\\GitHub\\nuzlocke\\src\\constants\\constant.ts": {
    "path": "C:\\Users\\usuario\\Documents\\GitHub\\nuzlocke\\src\\constants\\constant.ts",
    "statementMap": {
      "0": {
        "start": {
          "line": 25,
          "column": 30
        },
        "end": {
          "line": 91,
          "column": 1
        }
      },
      "1": {
        "start": {
          "line": 93,
          "column": 38
        },
        "end": {
          "line": 112,
          "column": 1
        }
      },
      "2": {
        "start": {
          "line": 114,
          "column": 39
        },
        "end": {
          "line": 132,
          "column": 1
        }
      },
      "3": {
        "start": {
          "line": 134,
          "column": 39
        },
        "end": {
          "line": 141,
          "column": 1
        }
      },
      "4": {
        "start": {
          "line": 143,
          "column": 42
        },
        "end": {
          "line": 150,
          "column": 1
        }
      },
      "5": {
        "start": {
          "line": 152,
          "column": 41
        },
        "end": {
          "line": 165,
          "column": 1
        }
      },
      "6": {
        "start": {
          "line": 167,
          "column": 49
        },
        "end": {
          "line": 173,
          "column": 1
        }
      },
      "7": {
        "start": {
          "line": 175,
          "column": 48
        },
        "end": {
          "line": 205,
          "column": 1
        }
      },
      "8": {
        "start": {
          "line": 207,
          "column": 41
        },
        "end": {
          "line": 207,
          "column": 56
        }
      },
      "9": {
        "start": {
          "line": 209,
          "column": 37
        },
        "end": {
          "line": 216,
          "column": 1
        }
      },
      "10": {
        "start": {
          "line": 218,
          "column": 30
        },
        "end": {
          "line": 231,
          "column": 1
        }
      },
      "11": {
        "start": {
          "line": 219,
          "column": 2
        },
        "end": {
          "line": 230,
          "column": 3
        }
      },
      "12": {
        "start": {
          "line": 221,
          "column": 6
        },
        "end": {
          "line": 221,
          "column": 67
        }
      },
      "13": {
        "start": {
          "line": 223,
          "column": 6
        },
        "end": {
          "line": 223,
          "column": 73
        }
      },
      "14": {
        "start": {
          "line": 225,
          "column": 6
        },
        "end": {
          "line": 225,
          "column": 36
        }
      },
      "15": {
        "start": {
          "line": 227,
          "column": 6
        },
        "end": {
          "line": 227,
          "column": 31
        }
      },
      "16": {
        "start": {
          "line": 229,
          "column": 6
        },
        "end": {
          "line": 229,
          "column": 16
        }
      },
      "17": {
        "start": {
          "line": 233,
          "column": 23
        },
        "end": {
          "line": 237,
          "column": 1
        }
      },
      "18": {
        "start": {
          "line": 239,
          "column": 35
        },
        "end": {
          "line": 258,
          "column": 1
        }
      },
      "19": {
        "start": {
          "line": 260,
          "column": 26
        },
        "end": {
          "line": 276,
          "column": 1
        }
      },
      "20": {
        "start": {
          "line": 278,
          "column": 27
        },
        "end": {
          "line": 278,
          "column": 51
        }
      },
      "21": {
        "start": {
          "line": 280,
          "column": 29
        },
        "end": {
          "line": 299,
          "column": 1
        }
      }
    },
    "fnMap": {
      "0": {
        "name": "(anonymous_0)",
        "decl": {
          "start": {
            "line": 218,
            "column": 30
          },
          "end": {
            "line": 218,
            "column": 31
          }
        },
        "loc": {
          "start": {
            "line": 218,
            "column": 78
          },
          "end": {
            "line": 231,
            "column": 1
          }
        },
        "line": 218
      }
    },
    "branchMap": {
      "0": {
        "loc": {
          "start": {
            "line": 219,
            "column": 2
          },
          "end": {
            "line": 230,
            "column": 3
          }
        },
        "type": "switch",
        "locations": [
          {
            "start": {
              "line": 220,
              "column": 4
            },
            "end": {
              "line": 221,
              "column": 67
            }
          },
          {
            "start": {
              "line": 222,
              "column": 4
            },
            "end": {
              "line": 223,
              "column": 73
            }
          },
          {
            "start": {
              "line": 224,
              "column": 4
            },
            "end": {
              "line": 225,
              "column": 36
            }
          },
          {
            "start": {
              "line": 226,
              "column": 4
            },
            "end": {
              "line": 227,
              "column": 31
            }
          },
          {
            "start": {
              "line": 228,
              "column": 4
            },
            "end": {
              "line": 229,
              "column": 16
            }
          }
        ],
        "line": 219
      }
    },
    "s": {
      "0": 7,
      "1": 7,
      "2": 7,
      "3": 7,
      "4": 7,
      "5": 7,
      "6": 7,
      "7": 7,
      "8": 7,
      "9": 7,
      "10": 7,
      "11": 0,
      "12": 0,
      "13": 0,
      "14": 0,
      "15": 0,
      "16": 0,
      "17": 7,
      "18": 7,
      "19": 7,
      "20": 7,
      "21": 7
    },
    "f": {
      "0": 0
    },
    "b": {
      "0": [
        0,
        0,
        0,
        0,
        0
      ]
    },
    "_coverageSchema": "1a1c01bbd47fc00a2c39e90264f33305004495a9",
    "hash": "41bb16a3dae973575f5b26217022ca8d7fa02383"
  },
  "C:\\Users\\usuario\\Documents\\GitHub\\nuzlocke\\src\\store.ts": {
    "path": "C:\\Users\\usuario\\Documents\\GitHub\\nuzlocke\\src\\store.ts",
    "statementMap": {
      "0": {
        "start": {
          "line": 19,
          "column": 2
        },
        "end": {
          "line": 29,
          "column": 5
        }
      },
      "1": {
        "start": {
          "line": 20,
          "column": 2
        },
        "end": {
          "line": 29,
          "column": 5
        }
      },
      "2": {
        "start": {
          "line": 21,
          "column": 4
        },
        "end": {
          "line": 29,
          "column": 5
        }
      },
      "3": {
        "start": {
          "line": 24,
          "column": 10
        },
        "end": {
          "line": 24,
          "column": 94
        }
      },
      "4": {
        "start": {
          "line": 25,
          "column": 8
        },
        "end": {
          "line": 25,
          "column": 39
        }
      },
      "5": {
        "start": {
          "line": 31,
          "column": 17
        },
        "end": {
          "line": 320,
          "column": 1
        }
      },
      "6": {
        "start": {
          "line": 33,
          "column": 20
        },
        "end": {
          "line": 286,
          "column": 5
        }
      },
      "7": {
        "start": {
          "line": 51,
          "column": 8
        },
        "end": {
          "line": 58,
          "column": 10
        }
      },
      "8": {
        "start": {
          "line": 52,
          "column": 10
        },
        "end": {
          "line": 57,
          "column": 13
        }
      },
      "9": {
        "start": {
          "line": 60,
          "column": 8
        },
        "end": {
          "line": 68,
          "column": 10
        }
      },
      "10": {
        "start": {
          "line": 61,
          "column": 25
        },
        "end": {
          "line": 61,
          "column": 86
        }
      },
      "11": {
        "start": {
          "line": 62,
          "column": 10
        },
        "end": {
          "line": 62,
          "column": 75
        }
      },
      "12": {
        "start": {
          "line": 63,
          "column": 10
        },
        "end": {
          "line": 67,
          "column": 13
        }
      },
      "13": {
        "start": {
          "line": 70,
          "column": 8
        },
        "end": {
          "line": 72,
          "column": 10
        }
      },
      "14": {
        "start": {
          "line": 71,
          "column": 10
        },
        "end": {
          "line": 71,
          "column": 58
        }
      },
      "15": {
        "start": {
          "line": 74,
          "column": 8
        },
        "end": {
          "line": 76,
          "column": 10
        }
      },
      "16": {
        "start": {
          "line": 75,
          "column": 10
        },
        "end": {
          "line": 75,
          "column": 40
        }
      },
      "17": {
        "start": {
          "line": 78,
          "column": 8
        },
        "end": {
          "line": 84,
          "column": 10
        }
      },
      "18": {
        "start": {
          "line": 79,
          "column": 10
        },
        "end": {
          "line": 83,
          "column": 11
        }
      },
      "19": {
        "start": {
          "line": 80,
          "column": 12
        },
        "end": {
          "line": 80,
          "column": 96
        }
      },
      "20": {
        "start": {
          "line": 82,
          "column": 12
        },
        "end": {
          "line": 82,
          "column": 94
        }
      },
      "21": {
        "start": {
          "line": 99,
          "column": 8
        },
        "end": {
          "line": 115,
          "column": 10
        }
      },
      "22": {
        "start": {
          "line": 100,
          "column": 24
        },
        "end": {
          "line": 102,
          "column": 12
        }
      },
      "23": {
        "start": {
          "line": 101,
          "column": 12
        },
        "end": {
          "line": 101,
          "column": 42
        }
      },
      "24": {
        "start": {
          "line": 103,
          "column": 10
        },
        "end": {
          "line": 114,
          "column": 14
        }
      },
      "25": {
        "start": {
          "line": 104,
          "column": 12
        },
        "end": {
          "line": 114,
          "column": 14
        }
      },
      "26": {
        "start": {
          "line": 117,
          "column": 8
        },
        "end": {
          "line": 119,
          "column": 10
        }
      },
      "27": {
        "start": {
          "line": 118,
          "column": 10
        },
        "end": {
          "line": 118,
          "column": 47
        }
      },
      "28": {
        "start": {
          "line": 121,
          "column": 8
        },
        "end": {
          "line": 127,
          "column": 10
        }
      },
      "29": {
        "start": {
          "line": 122,
          "column": 24
        },
        "end": {
          "line": 124,
          "column": 12
        }
      },
      "30": {
        "start": {
          "line": 123,
          "column": 12
        },
        "end": {
          "line": 123,
          "column": 42
        }
      },
      "31": {
        "start": {
          "line": 125,
          "column": 10
        },
        "end": {
          "line": 126,
          "column": 89
        }
      },
      "32": {
        "start": {
          "line": 126,
          "column": 12
        },
        "end": {
          "line": 126,
          "column": 89
        }
      },
      "33": {
        "start": {
          "line": 129,
          "column": 8
        },
        "end": {
          "line": 135,
          "column": 10
        }
      },
      "34": {
        "start": {
          "line": 130,
          "column": 24
        },
        "end": {
          "line": 132,
          "column": 12
        }
      },
      "35": {
        "start": {
          "line": 131,
          "column": 12
        },
        "end": {
          "line": 131,
          "column": 42
        }
      },
      "36": {
        "start": {
          "line": 133,
          "column": 10
        },
        "end": {
          "line": 134,
          "column": 89
        }
      },
      "37": {
        "start": {
          "line": 134,
          "column": 12
        },
        "end": {
          "line": 134,
          "column": 89
        }
      },
      "38": {
        "start": {
          "line": 137,
          "column": 8
        },
        "end": {
          "line": 139,
          "column": 10
        }
      },
      "39": {
        "start": {
          "line": 138,
          "column": 10
        },
        "end": {
          "line": 138,
          "column": 44
        }
      },
      "40": {
        "start": {
          "line": 141,
          "column": 8
        },
        "end": {
          "line": 147,
          "column": 10
        }
      },
      "41": {
        "start": {
          "line": 142,
          "column": 24
        },
        "end": {
          "line": 144,
          "column": 12
        }
      },
      "42": {
        "start": {
          "line": 143,
          "column": 12
        },
        "end": {
          "line": 143,
          "column": 42
        }
      },
      "43": {
        "start": {
          "line": 145,
          "column": 10
        },
        "end": {
          "line": 146,
          "column": 85
        }
      },
      "44": {
        "start": {
          "line": 146,
          "column": 12
        },
        "end": {
          "line": 146,
          "column": 85
        }
      },
      "45": {
        "start": {
          "line": 149,
          "column": 8
        },
        "end": {
          "line": 151,
          "column": 10
        }
      },
      "46": {
        "start": {
          "line": 150,
          "column": 10
        },
        "end": {
          "line": 150,
          "column": 75
        }
      },
      "47": {
        "start": {
          "line": 153,
          "column": 8
        },
        "end": {
          "line": 163,
          "column": 11
        }
      },
      "48": {
        "start": {
          "line": 154,
          "column": 24
        },
        "end": {
          "line": 156,
          "column": 12
        }
      },
      "49": {
        "start": {
          "line": 155,
          "column": 12
        },
        "end": {
          "line": 155,
          "column": 42
        }
      },
      "50": {
        "start": {
          "line": 157,
          "column": 10
        },
        "end": {
          "line": 162,
          "column": 11
        }
      },
      "51": {
        "start": {
          "line": 158,
          "column": 12
        },
        "end": {
          "line": 158,
          "column": 83
        }
      },
      "52": {
        "start": {
          "line": 159,
          "column": 12
        },
        "end": {
          "line": 159,
          "column": 84
        }
      },
      "53": {
        "start": {
          "line": 160,
          "column": 12
        },
        "end": {
          "line": 160,
          "column": 85
        }
      },
      "54": {
        "start": {
          "line": 161,
          "column": 12
        },
        "end": {
          "line": 161,
          "column": 84
        }
      },
      "55": {
        "start": {
          "line": 166,
          "column": 8
        },
        "end": {
          "line": 168,
          "column": 11
        }
      },
      "56": {
        "start": {
          "line": 167,
          "column": 10
        },
        "end": {
          "line": 167,
          "column": 33
        }
      },
      "57": {
        "start": {
          "line": 171,
          "column": 8
        },
        "end": {
          "line": 176,
          "column": 10
        }
      },
      "58": {
        "start": {
          "line": 172,
          "column": 24
        },
        "end": {
          "line": 174,
          "column": 12
        }
      },
      "59": {
        "start": {
          "line": 173,
          "column": 12
        },
        "end": {
          "line": 173,
          "column": 42
        }
      },
      "60": {
        "start": {
          "line": 175,
          "column": 10
        },
        "end": {
          "line": 175,
          "column": 95
        }
      },
      "61": {
        "start": {
          "line": 175,
          "column": 28
        },
        "end": {
          "line": 175,
          "column": 95
        }
      },
      "62": {
        "start": {
          "line": 178,
          "column": 8
        },
        "end": {
          "line": 188,
          "column": 10
        }
      },
      "63": {
        "start": {
          "line": 179,
          "column": 10
        },
        "end": {
          "line": 179,
          "column": 56
        }
      },
      "64": {
        "start": {
          "line": 180,
          "column": 10
        },
        "end": {
          "line": 182,
          "column": 11
        }
      },
      "65": {
        "start": {
          "line": 181,
          "column": 12
        },
        "end": {
          "line": 181,
          "column": 58
        }
      },
      "66": {
        "start": {
          "line": 183,
          "column": 28
        },
        "end": {
          "line": 185,
          "column": 11
        }
      },
      "67": {
        "start": {
          "line": 184,
          "column": 22
        },
        "end": {
          "line": 184,
          "column": 62
        }
      },
      "68": {
        "start": {
          "line": 186,
          "column": 10
        },
        "end": {
          "line": 186,
          "column": 47
        }
      },
      "69": {
        "start": {
          "line": 187,
          "column": 10
        },
        "end": {
          "line": 187,
          "column": 36
        }
      },
      "70": {
        "start": {
          "line": 190,
          "column": 8
        },
        "end": {
          "line": 192,
          "column": 10
        }
      },
      "71": {
        "start": {
          "line": 191,
          "column": 10
        },
        "end": {
          "line": 191,
          "column": 66
        }
      },
      "72": {
        "start": {
          "line": 194,
          "column": 8
        },
        "end": {
          "line": 196,
          "column": 10
        }
      },
      "73": {
        "start": {
          "line": 195,
          "column": 10
        },
        "end": {
          "line": 195,
          "column": 52
        }
      },
      "74": {
        "start": {
          "line": 198,
          "column": 8
        },
        "end": {
          "line": 200,
          "column": 10
        }
      },
      "75": {
        "start": {
          "line": 199,
          "column": 10
        },
        "end": {
          "line": 199,
          "column": 70
        }
      },
      "76": {
        "start": {
          "line": 202,
          "column": 8
        },
        "end": {
          "line": 204,
          "column": 10
        }
      },
      "77": {
        "start": {
          "line": 203,
          "column": 10
        },
        "end": {
          "line": 203,
          "column": 73
        }
      },
      "78": {
        "start": {
          "line": 206,
          "column": 8
        },
        "end": {
          "line": 208,
          "column": 10
        }
      },
      "79": {
        "start": {
          "line": 207,
          "column": 10
        },
        "end": {
          "line": 207,
          "column": 66
        }
      },
      "80": {
        "start": {
          "line": 210,
          "column": 8
        },
        "end": {
          "line": 217,
          "column": 10
        }
      },
      "81": {
        "start": {
          "line": 211,
          "column": 10
        },
        "end": {
          "line": 211,
          "column": 42
        }
      },
      "82": {
        "start": {
          "line": 212,
          "column": 10
        },
        "end": {
          "line": 212,
          "column": 56
        }
      },
      "83": {
        "start": {
          "line": 213,
          "column": 10
        },
        "end": {
          "line": 213,
          "column": 50
        }
      },
      "84": {
        "start": {
          "line": 214,
          "column": 10
        },
        "end": {
          "line": 214,
          "column": 68
        }
      },
      "85": {
        "start": {
          "line": 214,
          "column": 34
        },
        "end": {
          "line": 214,
          "column": 68
        }
      },
      "86": {
        "start": {
          "line": 215,
          "column": 10
        },
        "end": {
          "line": 215,
          "column": 65
        }
      },
      "87": {
        "start": {
          "line": 215,
          "column": 33
        },
        "end": {
          "line": 215,
          "column": 65
        }
      },
      "88": {
        "start": {
          "line": 216,
          "column": 10
        },
        "end": {
          "line": 216,
          "column": 62
        }
      },
      "89": {
        "start": {
          "line": 216,
          "column": 32
        },
        "end": {
          "line": 216,
          "column": 62
        }
      },
      "90": {
        "start": {
          "line": 219,
          "column": 8
        },
        "end": {
          "line": 221,
          "column": 10
        }
      },
      "91": {
        "start": {
          "line": 220,
          "column": 10
        },
        "end": {
          "line": 220,
          "column": 59
        }
      },
      "92": {
        "start": {
          "line": 223,
          "column": 8
        },
        "end": {
          "line": 226,
          "column": 10
        }
      },
      "93": {
        "start": {
          "line": 224,
          "column": 10
        },
        "end": {
          "line": 224,
          "column": 66
        }
      },
      "94": {
        "start": {
          "line": 225,
          "column": 10
        },
        "end": {
          "line": 225,
          "column": 77
        }
      },
      "95": {
        "start": {
          "line": 228,
          "column": 8
        },
        "end": {
          "line": 234,
          "column": 10
        }
      },
      "96": {
        "start": {
          "line": 229,
          "column": 10
        },
        "end": {
          "line": 233,
          "column": 17
        }
      },
      "97": {
        "start": {
          "line": 236,
          "column": 8
        },
        "end": {
          "line": 244,
          "column": 10
        }
      },
      "98": {
        "start": {
          "line": 237,
          "column": 10
        },
        "end": {
          "line": 243,
          "column": 11
        }
      },
      "99": {
        "start": {
          "line": 238,
          "column": 12
        },
        "end": {
          "line": 240,
          "column": 15
        }
      },
      "100": {
        "start": {
          "line": 239,
          "column": 14
        },
        "end": {
          "line": 239,
          "column": 100
        }
      },
      "101": {
        "start": {
          "line": 242,
          "column": 12
        },
        "end": {
          "line": 242,
          "column": 88
        }
      },
      "102": {
        "start": {
          "line": 246,
          "column": 8
        },
        "end": {
          "line": 248,
          "column": 10
        }
      },
      "103": {
        "start": {
          "line": 247,
          "column": 10
        },
        "end": {
          "line": 247,
          "column": 36
        }
      },
      "104": {
        "start": {
          "line": 250,
          "column": 8
        },
        "end": {
          "line": 256,
          "column": 10
        }
      },
      "105": {
        "start": {
          "line": 251,
          "column": 10
        },
        "end": {
          "line": 255,
          "column": 11
        }
      },
      "106": {
        "start": {
          "line": 252,
          "column": 12
        },
        "end": {
          "line": 252,
          "column": 62
        }
      },
      "107": {
        "start": {
          "line": 254,
          "column": 12
        },
        "end": {
          "line": 254,
          "column": 70
        }
      },
      "108": {
        "start": {
          "line": 258,
          "column": 8
        },
        "end": {
          "line": 260,
          "column": 10
        }
      },
      "109": {
        "start": {
          "line": 259,
          "column": 10
        },
        "end": {
          "line": 259,
          "column": 28
        }
      },
      "110": {
        "start": {
          "line": 262,
          "column": 8
        },
        "end": {
          "line": 264,
          "column": 11
        }
      },
      "111": {
        "start": {
          "line": 263,
          "column": 10
        },
        "end": {
          "line": 263,
          "column": 33
        }
      },
      "112": {
        "start": {
          "line": 267,
          "column": 8
        },
        "end": {
          "line": 269,
          "column": 11
        }
      },
      "113": {
        "start": {
          "line": 268,
          "column": 10
        },
        "end": {
          "line": 268,
          "column": 41
        }
      },
      "114": {
        "start": {
          "line": 272,
          "column": 8
        },
        "end": {
          "line": 274,
          "column": 11
        }
      },
      "115": {
        "start": {
          "line": 273,
          "column": 10
        },
        "end": {
          "line": 273,
          "column": 43
        }
      },
      "116": {
        "start": {
          "line": 277,
          "column": 8
        },
        "end": {
          "line": 279,
          "column": 11
        }
      },
      "117": {
        "start": {
          "line": 278,
          "column": 10
        },
        "end": {
          "line": 278,
          "column": 45
        }
      },
      "118": {
        "start": {
          "line": 282,
          "column": 8
        },
        "end": {
          "line": 284,
          "column": 11
        }
      },
      "119": {
        "start": {
          "line": 283,
          "column": 10
        },
        "end": {
          "line": 283,
          "column": 41
        }
      },
      "120": {
        "start": {
          "line": 291,
          "column": 30
        },
        "end": {
          "line": 291,
          "column": 50
        }
      },
      "121": {
        "start": {
          "line": 292,
          "column": 8
        },
        "end": {
          "line": 298,
          "column": 11
        }
      },
      "122": {
        "start": {
          "line": 293,
          "column": 10
        },
        "end": {
          "line": 297,
          "column": 13
        }
      },
      "123": {
        "start": {
          "line": 294,
          "column": 12
        },
        "end": {
          "line": 296,
          "column": 13
        }
      },
      "124": {
        "start": {
          "line": 295,
          "column": 14
        },
        "end": {
          "line": 295,
          "column": 80
        }
      },
      "125": {
        "start": {
          "line": 299,
          "column": 45
        },
        "end": {
          "line": 299,
          "column": 65
        }
      },
      "126": {
        "start": {
          "line": 300,
          "column": 8
        },
        "end": {
          "line": 310,
          "column": 11
        }
      },
      "127": {
        "start": {
          "line": 301,
          "column": 10
        },
        "end": {
          "line": 309,
          "column": 11
        }
      },
      "128": {
        "start": {
          "line": 302,
          "column": 12
        },
        "end": {
          "line": 304,
          "column": 15
        }
      },
      "129": {
        "start": {
          "line": 303,
          "column": 14
        },
        "end": {
          "line": 303,
          "column": 77
        }
      },
      "130": {
        "start": {
          "line": 306,
          "column": 12
        },
        "end": {
          "line": 308,
          "column": 15
        }
      },
      "131": {
        "start": {
          "line": 307,
          "column": 14
        },
        "end": {
          "line": 307,
          "column": 77
        }
      },
      "132": {
        "start": {
          "line": 311,
          "column": 8
        },
        "end": {
          "line": 316,
          "column": 10
        }
      }
    },
    "fnMap": {
      "0": {
        "name": "(anonymous_0)",
        "decl": {
          "start": {
            "line": 19,
            "column": 2
          },
          "end": {
            "line": 19,
            "column": 3
          }
        },
        "loc": {
          "start": {
            "line": 20,
            "column": 2
          },
          "end": {
            "line": 29,
            "column": 5
          }
        },
        "line": 20
      },
      "1": {
        "name": "(anonymous_1)",
        "decl": {
          "start": {
            "line": 20,
            "column": 2
          },
          "end": {
            "line": 20,
            "column": 3
          }
        },
        "loc": {
          "start": {
            "line": 21,
            "column": 4
          },
          "end": {
            "line": 29,
            "column": 5
          }
        },
        "line": 21
      },
      "2": {
        "name": "(anonymous_2)",
        "decl": {
          "start": {
            "line": 22,
            "column": 6
          },
          "end": {
            "line": 22,
            "column": 7
          }
        },
        "loc": {
          "start": {
            "line": 22,
            "column": 28
          },
          "end": {
            "line": 26,
            "column": 7
          }
        },
        "line": 22
      },
      "3": {
        "name": "(anonymous_3)",
        "decl": {
          "start": {
            "line": 33,
            "column": 10
          },
          "end": {
            "line": 33,
            "column": 11
          }
        },
        "loc": {
          "start": {
            "line": 33,
            "column": 20
          },
          "end": {
            "line": 286,
            "column": 5
          }
        },
        "line": 33
      },
      "4": {
        "name": "(anonymous_4)",
        "decl": {
          "start": {
            "line": 50,
            "column": 20
          },
          "end": {
            "line": 50,
            "column": 21
          }
        },
        "loc": {
          "start": {
            "line": 51,
            "column": 8
          },
          "end": {
            "line": 58,
            "column": 10
          }
        },
        "line": 51
      },
      "5": {
        "name": "(anonymous_5)",
        "decl": {
          "start": {
            "line": 51,
            "column": 12
          },
          "end": {
            "line": 51,
            "column": 13
          }
        },
        "loc": {
          "start": {
            "line": 51,
            "column": 23
          },
          "end": {
            "line": 58,
            "column": 9
          }
        },
        "line": 51
      },
      "6": {
        "name": "(anonymous_6)",
        "decl": {
          "start": {
            "line": 59,
            "column": 15
          },
          "end": {
            "line": 59,
            "column": 16
          }
        },
        "loc": {
          "start": {
            "line": 60,
            "column": 8
          },
          "end": {
            "line": 68,
            "column": 10
          }
        },
        "line": 60
      },
      "7": {
        "name": "(anonymous_7)",
        "decl": {
          "start": {
            "line": 60,
            "column": 12
          },
          "end": {
            "line": 60,
            "column": 13
          }
        },
        "loc": {
          "start": {
            "line": 60,
            "column": 23
          },
          "end": {
            "line": 68,
            "column": 9
          }
        },
        "line": 60
      },
      "8": {
        "name": "(anonymous_8)",
        "decl": {
          "start": {
            "line": 69,
            "column": 15
          },
          "end": {
            "line": 69,
            "column": 16
          }
        },
        "loc": {
          "start": {
            "line": 70,
            "column": 8
          },
          "end": {
            "line": 72,
            "column": 10
          }
        },
        "line": 70
      },
      "9": {
        "name": "(anonymous_9)",
        "decl": {
          "start": {
            "line": 70,
            "column": 12
          },
          "end": {
            "line": 70,
            "column": 13
          }
        },
        "loc": {
          "start": {
            "line": 70,
            "column": 23
          },
          "end": {
            "line": 72,
            "column": 9
          }
        },
        "line": 70
      },
      "10": {
        "name": "(anonymous_10)",
        "decl": {
          "start": {
            "line": 73,
            "column": 18
          },
          "end": {
            "line": 73,
            "column": 19
          }
        },
        "loc": {
          "start": {
            "line": 74,
            "column": 8
          },
          "end": {
            "line": 76,
            "column": 10
          }
        },
        "line": 74
      },
      "11": {
        "name": "(anonymous_11)",
        "decl": {
          "start": {
            "line": 74,
            "column": 12
          },
          "end": {
            "line": 74,
            "column": 13
          }
        },
        "loc": {
          "start": {
            "line": 74,
            "column": 23
          },
          "end": {
            "line": 76,
            "column": 9
          }
        },
        "line": 74
      },
      "12": {
        "name": "(anonymous_12)",
        "decl": {
          "start": {
            "line": 77,
            "column": 21
          },
          "end": {
            "line": 77,
            "column": 22
          }
        },
        "loc": {
          "start": {
            "line": 78,
            "column": 8
          },
          "end": {
            "line": 84,
            "column": 10
          }
        },
        "line": 78
      },
      "13": {
        "name": "(anonymous_13)",
        "decl": {
          "start": {
            "line": 78,
            "column": 12
          },
          "end": {
            "line": 78,
            "column": 13
          }
        },
        "loc": {
          "start": {
            "line": 78,
            "column": 23
          },
          "end": {
            "line": 84,
            "column": 9
          }
        },
        "line": 78
      },
      "14": {
        "name": "(anonymous_14)",
        "decl": {
          "start": {
            "line": 85,
            "column": 21
          },
          "end": {
            "line": 85,
            "column": 22
          }
        },
        "loc": {
          "start": {
            "line": 99,
            "column": 8
          },
          "end": {
            "line": 115,
            "column": 10
          }
        },
        "line": 99
      },
      "15": {
        "name": "(anonymous_15)",
        "decl": {
          "start": {
            "line": 99,
            "column": 12
          },
          "end": {
            "line": 99,
            "column": 13
          }
        },
        "loc": {
          "start": {
            "line": 99,
            "column": 23
          },
          "end": {
            "line": 115,
            "column": 9
          }
        },
        "line": 99
      },
      "16": {
        "name": "(anonymous_16)",
        "decl": {
          "start": {
            "line": 100,
            "column": 84
          },
          "end": {
            "line": 100,
            "column": 85
          }
        },
        "loc": {
          "start": {
            "line": 100,
            "column": 93
          },
          "end": {
            "line": 102,
            "column": 11
          }
        },
        "line": 100
      },
      "17": {
        "name": "(anonymous_17)",
        "decl": {
          "start": {
            "line": 116,
            "column": 18
          },
          "end": {
            "line": 116,
            "column": 19
          }
        },
        "loc": {
          "start": {
            "line": 117,
            "column": 8
          },
          "end": {
            "line": 119,
            "column": 10
          }
        },
        "line": 117
      },
      "18": {
        "name": "(anonymous_18)",
        "decl": {
          "start": {
            "line": 117,
            "column": 12
          },
          "end": {
            "line": 117,
            "column": 13
          }
        },
        "loc": {
          "start": {
            "line": 117,
            "column": 23
          },
          "end": {
            "line": 119,
            "column": 9
          }
        },
        "line": 117
      },
      "19": {
        "name": "(anonymous_19)",
        "decl": {
          "start": {
            "line": 120,
            "column": 22
          },
          "end": {
            "line": 120,
            "column": 23
          }
        },
        "loc": {
          "start": {
            "line": 121,
            "column": 8
          },
          "end": {
            "line": 127,
            "column": 10
          }
        },
        "line": 121
      },
      "20": {
        "name": "(anonymous_20)",
        "decl": {
          "start": {
            "line": 121,
            "column": 12
          },
          "end": {
            "line": 121,
            "column": 13
          }
        },
        "loc": {
          "start": {
            "line": 121,
            "column": 23
          },
          "end": {
            "line": 127,
            "column": 9
          }
        },
        "line": 121
      },
      "21": {
        "name": "(anonymous_21)",
        "decl": {
          "start": {
            "line": 122,
            "column": 84
          },
          "end": {
            "line": 122,
            "column": 85
          }
        },
        "loc": {
          "start": {
            "line": 122,
            "column": 93
          },
          "end": {
            "line": 124,
            "column": 11
          }
        },
        "line": 122
      },
      "22": {
        "name": "(anonymous_22)",
        "decl": {
          "start": {
            "line": 128,
            "column": 21
          },
          "end": {
            "line": 128,
            "column": 22
          }
        },
        "loc": {
          "start": {
            "line": 129,
            "column": 8
          },
          "end": {
            "line": 135,
            "column": 10
          }
        },
        "line": 129
      },
      "23": {
        "name": "(anonymous_23)",
        "decl": {
          "start": {
            "line": 129,
            "column": 12
          },
          "end": {
            "line": 129,
            "column": 13
          }
        },
        "loc": {
          "start": {
            "line": 129,
            "column": 23
          },
          "end": {
            "line": 135,
            "column": 9
          }
        },
        "line": 129
      },
      "24": {
        "name": "(anonymous_24)",
        "decl": {
          "start": {
            "line": 130,
            "column": 84
          },
          "end": {
            "line": 130,
            "column": 85
          }
        },
        "loc": {
          "start": {
            "line": 130,
            "column": 93
          },
          "end": {
            "line": 132,
            "column": 11
          }
        },
        "line": 130
      },
      "25": {
        "name": "(anonymous_25)",
        "decl": {
          "start": {
            "line": 136,
            "column": 21
          },
          "end": {
            "line": 136,
            "column": 22
          }
        },
        "loc": {
          "start": {
            "line": 137,
            "column": 8
          },
          "end": {
            "line": 139,
            "column": 10
          }
        },
        "line": 137
      },
      "26": {
        "name": "(anonymous_26)",
        "decl": {
          "start": {
            "line": 137,
            "column": 12
          },
          "end": {
            "line": 137,
            "column": 13
          }
        },
        "loc": {
          "start": {
            "line": 137,
            "column": 23
          },
          "end": {
            "line": 139,
            "column": 9
          }
        },
        "line": 137
      },
      "27": {
        "name": "(anonymous_27)",
        "decl": {
          "start": {
            "line": 140,
            "column": 20
          },
          "end": {
            "line": 140,
            "column": 21
          }
        },
        "loc": {
          "start": {
            "line": 141,
            "column": 8
          },
          "end": {
            "line": 147,
            "column": 10
          }
        },
        "line": 141
      },
      "28": {
        "name": "(anonymous_28)",
        "decl": {
          "start": {
            "line": 141,
            "column": 12
          },
          "end": {
            "line": 141,
            "column": 13
          }
        },
        "loc": {
          "start": {
            "line": 141,
            "column": 23
          },
          "end": {
            "line": 147,
            "column": 9
          }
        },
        "line": 141
      },
      "29": {
        "name": "(anonymous_29)",
        "decl": {
          "start": {
            "line": 142,
            "column": 84
          },
          "end": {
            "line": 142,
            "column": 85
          }
        },
        "loc": {
          "start": {
            "line": 142,
            "column": 93
          },
          "end": {
            "line": 144,
            "column": 11
          }
        },
        "line": 142
      },
      "30": {
[...]
          "end": {
            "line": 98,
            "column": 24
          }
        },
        "loc": {
          "start": {
            "line": 98,
            "column": 29
          },
          "end": {
            "line": 101,
            "column": 3
          }
        },
        "line": 98
      },
      "11": {
        "name": "(anonymous_11)",
        "decl": {
          "start": {
            "line": 103,
            "column": 22
          },
          "end": {
            "line": 103,
            "column": 23
          }
        },
        "loc": {
          "start": {
            "line": 103,
            "column": 41
          },
          "end": {
            "line": 105,
            "column": 3
          }
        },
        "line": 103
      },
      "12": {
        "name": "(anonymous_12)",
        "decl": {
          "start": {
            "line": 113,
            "column": 21
          },
          "end": {
            "line": 113,
            "column": 22
          }
        },
        "loc": {
          "start": {
            "line": 113,
            "column": 27
          },
          "end": {
            "line": 113,
            "column": 47
          }
        },
        "line": 113
      },
      "13": {
        "name": "(anonymous_13)",
        "decl": {
          "start": {
            "line": 145,
            "column": 27
          },
          "end": {
            "line": 145,
            "column": 28
          }
        },
        "loc": {
          "start": {
            "line": 145,
            "column": 33
          },
          "end": {
            "line": 145,
            "column": 46
          }
        },
        "line": 145
      },
      "14": {
        "name": "(anonymous_14)",
        "decl": {
          "start": {
            "line": 157,
            "column": 28
          },
          "end": {
            "line": 157,
            "column": 29
          }
        },
        "loc": {
          "start": {
            "line": 157,
            "column": 41
          },
          "end": {
            "line": 157,
            "column": 64
          }
        },
        "line": 157
      },
      "15": {
        "name": "(anonymous_15)",
        "decl": {
          "start": {
            "line": 173,
            "column": 25
          },
          "end": {
            "line": 173,
            "column": 26
          }
        },
        "loc": {
          "start": {
            "line": 173,
            "column": 31
          },
          "end": {
            "line": 173,
            "column": 47
          }
        },
        "line": 173
      },
      "16": {
        "name": "(anonymous_16)",
        "decl": {
          "start": {
            "line": 186,
            "column": 24
          },
          "end": {
            "line": 186,
            "column": 25
          }
        },
        "loc": {
          "start": {
            "line": 186,
            "column": 30
          },
          "end": {
            "line": 186,
            "column": 47
          }
        },
        "line": 186
      },
      "17": {
        "name": "(anonymous_17)",
        "decl": {
          "start": {
            "line": 198,
            "column": 23
          },
          "end": {
            "line": 198,
            "column": 24
          }
        },
        "loc": {
          "start": {
            "line": 198,
            "column": 29
          },
          "end": {
            "line": 198,
            "column": 50
          }
        },
        "line": 198
      },
      "18": {
        "name": "(anonymous_18)",
        "decl": {
          "start": {
            "line": 212,
            "column": 18
          },
          "end": {
            "line": 212,
            "column": 19
          }
        },
        "loc": {
          "start": {
            "line": 212,
            "column": 24
          },
          "end": {
            "line": 212,
            "column": 41
          }
        },
        "line": 212
      },
      "19": {
        "name": "(anonymous_19)",
        "decl": {
          "start": {
            "line": 216,
            "column": 30
          },
          "end": {
            "line": 216,
            "column": 31
          }
        },
        "loc": {
          "start": {
            "line": 216,
            "column": 36
          },
          "end": {
            "line": 216,
            "column": 52
          }
        },
        "line": 216
      },
      "20": {
        "name": "(anonymous_20)",
        "decl": {
          "start": {
            "line": 220,
            "column": 30
          },
          "end": {
            "line": 220,
            "column": 31
          }
        },
        "loc": {
          "start": {
            "line": 220,
            "column": 36
          },
          "end": {
            "line": 220,
            "column": 57
          }
        },
        "line": 220
      },
      "21": {
        "name": "(anonymous_21)",
        "decl": {
          "start": {
            "line": 224,
            "column": 30
          },
          "end": {
            "line": 224,
            "column": 31
          }
        },
        "loc": {
          "start": {
            "line": 224,
            "column": 36
          },
          "end": {
            "line": 224,
            "column": 57
          }
        },
        "line": 224
      },
      "22": {
        "name": "(anonymous_22)",
        "decl": {
          "start": {
            "line": 228,
            "column": 30
          },
          "end": {
            "line": 228,
            "column": 31
          }
        },
        "loc": {
          "start": {
            "line": 228,
            "column": 36
          },
          "end": {
            "line": 228,
            "column": 59
          }
        },
        "line": 228
      },
      "23": {
        "name": "(anonymous_23)",
        "decl": {
          "start": {
            "line": 232,
            "column": 30
          },
          "end": {
            "line": 232,
            "column": 31
          }
        },
        "loc": {
          "start": {
            "line": 232,
            "column": 36
          },
          "end": {
            "line": 232,
            "column": 60
          }
        },
        "line": 232
      },
      "24": {
        "name": "(anonymous_24)",
        "decl": {
          "start": {
            "line": 251,
            "column": 51
          },
          "end": {
            "line": 251,
            "column": 52
          }
        },
        "loc": {
          "start": {
            "line": 251,
            "column": 57
          },
          "end": {
            "line": 251,
            "column": 79
          }
        },
        "line": 251
      },
      "25": {
        "name": "(anonymous_25)",
        "decl": {
          "start": {
            "line": 255,
            "column": 54
          },
          "end": {
            "line": 255,
            "column": 55
          }
        },
        "loc": {
          "start": {
            "line": 255,
            "column": 60
          },
          "end": {
            "line": 255,
            "column": 85
          }
        },
        "line": 255
      },
      "26": {
        "name": "(anonymous_26)",
        "decl": {
          "start": {
            "line": 262,
            "column": 50
          },
          "end": {
            "line": 262,
            "column": 51
          }
        },
        "loc": {
          "start": {
            "line": 262,
            "column": 56
          },
          "end": {
            "line": 262,
            "column": 77
          }
        },
        "line": 262
      }
    },
    "branchMap": {
      "0": {
        "loc": {
          "start": {
            "line": 27,
            "column": 4
          },
          "end": {
            "line": 43,
            "column": 5
          }
        },
        "type": "if",
        "locations": [
          {
            "start": {
              "line": 27,
              "column": 4
            },
            "end": {
              "line": 43,
              "column": 5
            }
          },
          {
            "start": {
              "line": 27,
              "column": 4
            },
            "end": {
              "line": 43,
              "column": 5
            }
          }
        ],
        "line": 27
      },
      "1": {
        "loc": {
          "start": {
            "line": 71,
            "column": 8
          },
          "end": {
            "line": 75,
            "column": 9
          }
        },
        "type": "if",
        "locations": [
          {
            "start": {
              "line": 71,
              "column": 8
            },
            "end": {
              "line": 75,
              "column": 9
            }
          },
          {
            "start": {
              "line": 71,
              "column": 8
            },
            "end": {
              "line": 75,
              "column": 9
            }
          }
        ],
        "line": 71
      },
      "2": {
        "loc": {
          "start": {
            "line": 71,
            "column": 12
          },
          "end": {
            "line": 71,
            "column": 94
          }
        },
        "type": "binary-expr",
        "locations": [
          {
            "start": {
              "line": 71,
              "column": 12
            },
            "end": {
              "line": 71,
              "column": 33
            }
          },
          {
            "start": {
              "line": 71,
              "column": 37
            },
            "end": {
              "line": 71,
              "column": 65
            }
          },
          {
            "start": {
              "line": 71,
              "column": 69
            },
            "end": {
              "line": 71,
              "column": 94
            }
          }
        ],
        "line": 71
      },
      "3": {
        "loc": {
          "start": {
            "line": 119,
            "column": 13
          },
          "end": {
            "line": 121,
            "column": 13
          }
        },
        "type": "binary-expr",
        "locations": [
          {
            "start": {
              "line": 119,
              "column": 13
            },
            "end": {
              "line": 119,
              "column": 66
            }
          },
          {
            "start": {
              "line": 120,
              "column": 14
            },
            "end": {
              "line": 120,
              "column": 59
            }
          }
        ],
        "line": 119
      },
      "4": {
        "loc": {
          "start": {
            "line": 132,
            "column": 19
          },
          "end": {
            "line": 132,
            "column": 53
          }
        },
        "type": "binary-expr",
        "locations": [
          {
            "start": {
              "line": 132,
              "column": 19
            },
            "end": {
              "line": 132,
              "column": 47
            }
          },
          {
            "start": {
              "line": 132,
              "column": 51
            },
            "end": {
              "line": 132,
              "column": 53
            }
          }
        ],
        "line": 132
      },
      "5": {
        "loc": {
          "start": {
            "line": 168,
            "column": 13
          },
          "end": {
            "line": 178,
            "column": 20
          }
        },
        "type": "cond-expr",
        "locations": [
          {
            "start": {
              "line": 169,
              "column": 14
            },
            "end": {
              "line": 177,
              "column": 23
            }
          },
          {
            "start": {
              "line": 178,
              "column": 16
            },
            "end": {
              "line": 178,
              "column": 20
            }
          }
        ],
        "line": 168
      },
      "6": {
        "loc": {
          "start": {
            "line": 168,
            "column": 13
          },
          "end": {
            "line": 168,
            "column": 85
          }
        },
        "type": "binary-expr",
        "locations": [
          {
            "start": {
              "line": 168,
              "column": 13
            },
            "end": {
              "line": 168,
              "column": 41
            }
          },
          {
            "start": {
              "line": 168,
              "column": 45
            },
            "end": {
              "line": 168,
              "column": 85
            }
          }
        ],
        "line": 168
      },
      "7": {
        "loc": {
          "start": {
            "line": 179,
            "column": 13
          },
          "end": {
            "line": 181,
            "column": 20
          }
        },
        "type": "cond-expr",
        "locations": [
          {
            "start": {
              "line": 180,
              "column": 14
            },
            "end": {
              "line": 180,
              "column": 29
            }
          },
          {
            "start": {
              "line": 181,
              "column": 16
            },
            "end": {
              "line": 181,
              "column": 20
            }
          }
        ],
        "line": 179
      },
      "8": {
        "loc": {
          "start": {
            "line": 179,
            "column": 13
          },
          "end": {
            "line": 179,
            "column": 86
          }
        },
        "type": "binary-expr",
        "locations": [
          {
            "start": {
              "line": 179,
              "column": 13
            },
            "end": {
              "line": 179,
              "column": 41
            }
          },
          {
            "start": {
              "line": 179,
              "column": 45
            },
            "end": {
              "line": 179,
              "column": 86
            }
          }
        ],
        "line": 179
      },
      "9": {
        "loc": {
          "start": {
            "line": 200,
            "column": 26
          },
          "end": {
            "line": 200,
            "column": 67
          }
        },
        "type": "cond-expr",
        "locations": [
          {
            "start": {
              "line": 200,
              "column": 46
            },
            "end": {
              "line": 200,
              "column": 59
            }
          },
          {
            "start": {
              "line": 200,
              "column": 62
            },
            "end": {
              "line": 200,
              "column": 67
            }
          }
        ],
        "line": 200
      },
      "10": {
        "loc": {
          "start": {
            "line": 257,
            "column": 13
          },
          "end": {
            "line": 259,
            "column": 13
          }
        },
        "type": "binary-expr",
        "locations": [
          {
            "start": {
              "line": 257,
              "column": 13
            },
            "end": {
              "line": 257,
              "column": 66
            }
          },
          {
            "start": {
              "line": 258,
              "column": 14
            },
            "end": {
              "line": 258,
              "column": 59
            }
          }
        ],
        "line": 257
      }
    },
    "s": {
      "0": 7,
      "1": 47,
      "2": 47,
      "3": 69,
      "4": 47,
      "5": 47,
      "6": 47,
      "7": 47,
      "8": 47,
      "9": 7,
      "10": 0,
      "11": 0,
      "12": 0,
      "13": 0,
      "14": 0,
      "15": 0,
      "16": 0,
      "17": 7,
      "18": 7,
      "19": 7,
      "20": 7,
      "21": 7,
      "22": 7,
      "23": 7,
      "24": 47,
      "25": 2,
      "26": 2,
      "27": 2,
      "28": 2,
      "29": 2,
      "30": 2,
      "31": 2,
      "32": 47,
      "33": 0,
      "34": 0,
      "35": 0,
      "36": 0,
      "37": 0,
      "38": 0,
      "39": 0,
      "40": 0,
      "41": 0,
      "42": 47,
      "43": 2,
      "44": 26,
      "45": 2,
      "46": 47,
      "47": 0,
      "48": 0,
      "49": 0,
      "50": 47,
      "51": 0,
      "52": 0,
      "53": 47,
      "54": 0,
      "55": 0,
      "56": 47,
      "57": 7,
      "58": 47,
      "59": 9,
      "60": 0,
      "61": 0,
      "62": 0,
      "63": 0,
      "64": 0,
      "65": 9,
      "66": 0,
      "67": 0,
      "68": 0,
      "69": 0,
      "70": 2,
      "71": 1,
      "72": 2,
      "73": 2
    },
    "f": {
      "0": 47,
      "1": 69,
      "2": 7,
      "3": 2,
      "4": 0,
      "5": 0,
      "6": 2,
      "7": 26,
      "8": 0,
      "9": 0,
      "10": 0,
      "11": 7,
      "12": 9,
      "13": 0,
      "14": 0,
      "15": 0,
      "16": 0,
      "17": 0,
      "18": 9,
      "19": 0,
      "20": 0,
      "21": 0,
      "22": 0,
      "23": 2,
      "24": 1,
      "25": 2,
      "26": 2
    },
    "b": {
      "0": [
        0,
        7
      ],
      "1": [
        0,
        0
      ],
      "2": [
        0,
        0,
        0
      ],
      "3": [
        47,
        43
      ],
      "4": [
        47,
        35
      ],
      "5": [
        0,
        47
      ],
      "6": [
        47,
        12
      ],
      "7": [
        12,
        35
      ],
      "8": [
        47,
        12
      ],
      "9": [
        0,
        47
      ],
      "10": [
        47,
        43
      ]
    },
    "_coverageSchema": "1a1c01bbd47fc00a2c39e90264f33305004495a9",
    "hash": "a6eb3f0455bab8dcbb643124c42cd1b85dd88478"
  },
  "C:\\Users\\usuario\\Documents\\GitHub\\nuzlocke\\src\\index.tsx": {
    "path": "C:\\Users\\usuario\\Documents\\GitHub\\nuzlocke\\src\\index.tsx",
    "statementMap": {
      "0": {
        "start": {
          "line": 28,
          "column": 0
        },
        "end": {
          "line": 38,
          "column": 2
        }
      },
      "1": {
        "start": {
          "line": 40,
          "column": 0
        },
        "end": {
          "line": 43,
          "column": 3
        }
      },
      "2": {
        "start": {
          "line": 41,
          "column": 28
        },
        "end": {
          "line": 41,
          "column": 65
        }
      },
      "3": {
        "start": {
          "line": 42,
          "column": 30
        },
        "end": {
          "line": 42,
          "column": 67
        }
      }
    },
    "fnMap": {
      "0": {
        "name": "(anonymous_0)",
        "decl": {
          "start": {
            "line": 41,
            "column": 10
          },
          "end": {
            "line": 41,
            "column": 11
          }
        },
        "loc": {
          "start": {
            "line": 41,
            "column": 28
          },
          "end": {
            "line": 41,
            "column": 65
          }
        },
        "line": 41
      },
      "1": {
        "name": "(anonymous_1)",
        "decl": {
          "start": {
            "line": 42,
            "column": 12
          },
          "end": {
            "line": 42,
            "column": 13
          }
        },
        "loc": {
          "start": {
            "line": 42,
            "column": 30
          },
          "end": {
            "line": 42,
            "column": 67
          }
        },
        "line": 42
      }
    },
    "branchMap": {},
    "s": {
      "0": 7,
      "1": 7,
      "2": 0,
      "3": 0
    },
    "f": {
      "0": 0,
      "1": 0
    },
    "b": {},
    "_coverageSchema": "1a1c01bbd47fc00a2c39e90264f33305004495a9",
    "hash": "dc5a0070df3ca4a19eb0b7c3ef2a0ba8bc24aba5"
  }
}